[1124/200948.875:ERROR:directory_reader_win.cc(43)] FindFirstFile: O sistema não pode encontrar o caminho especificado. (0x3)
[1124/233913.631:ERROR:scoped_process_suspend.cc(31)] NtSuspendProcess: Tentou-se acessar um processo de saída. (0xc000010a)
[1124/233913.647:ERROR:process_info.cc(118)] ReadProcessMemory bool __cdecl crashpad::(anonymous namespace)::ReadStruct(HANDLE, crashpad::WinVMAddress, T *) [T = crashpad::process_types::PEB<crashpad::process_types::internal::Traits64>]: Somente uma parte de um pedido ReadProcessMemory ou WriteProcessMemory foi concluída. (0x12B)
[1124/233913.662:ERROR:process_info.cc(551)] ReadProcessData failed
[1124/233913.678:ERROR:process_reader_win.cc(151)] SuspendThread: Acesso negado. (0x5)
[1124/233913.678:ERROR:process_reader_win.cc(151)] SuspendThread: Acesso negado. (0x5)
[1124/233913.678:ERROR:process_reader_win.cc(151)] SuspendThread: Acesso negado. (0x5)
[1124/233913.678:ERROR:process_reader_win.cc(151)] SuspendThread: Acesso negado. (0x5)
[1124/233913.678:ERROR:process_reader_win.cc(151)] SuspendThread: Acesso negado. (0x5)
[1124/233913.678:ERROR:process_reader_win.cc(151)] SuspendThread: Acesso negado. (0x5)
[1124/233913.678:ERROR:process_reader_win.cc(151)] SuspendThread: Acesso negado. (0x5)
[1124/233913.678:ERROR:process_reader_win.cc(151)] SuspendThread: Acesso negado. (0x5)
[1124/233913.678:ERROR:process_reader_win.cc(151)] SuspendThread: Acesso negado. (0x5)
[1124/233913.678:ERROR:process_reader_win.cc(151)] SuspendThread: Acesso negado. (0x5)
[1124/233913.678:ERROR:process_reader_win.cc(151)] SuspendThread: Acesso negado. (0x5)
[1124/233913.678:ERROR:exception_snapshot_win.cc(99)] thread ID 12940 not found in process
[1124/233913.694:ERROR:process_reader_win.cc(151)] SuspendThread: Acesso negado. (0x5)
[1124/233913.694:ERROR:process_reader_win.cc(151)] SuspendThread: Acesso negado. (0x5)
[1124/233913.694:ERROR:process_reader_win.cc(151)] SuspendThread: Acesso negado. (0x5)
[1124/233913.694:ERROR:process_reader_win.cc(151)] SuspendThread: Acesso negado. (0x5)
[1124/233913.694:ERROR:process_reader_win.cc(151)] SuspendThread: Acesso negado. (0x5)
[1124/233913.694:ERROR:process_reader_win.cc(151)] SuspendThread: Acesso negado. (0x5)
[1124/233913.694:ERROR:process_reader_win.cc(151)] SuspendThread: Acesso negado. (0x5)
[1124/233913.694:ERROR:process_reader_win.cc(151)] SuspendThread: Acesso negado. (0x5)
[1124/233913.694:ERROR:process_reader_win.cc(151)] SuspendThread: Acesso negado. (0x5)
[1124/233913.694:ERROR:process_reader_win.cc(151)] SuspendThread: Acesso negado. (0x5)
[1124/233913.694:ERROR:process_reader_win.cc(151)] SuspendThread: Acesso negado. (0x5)
[1124/233913.694:ERROR:process_reader_win.cc(151)] SuspendThread: Acesso negado. (0x5)
[1124/233913.694:ERROR:process_reader_win.cc(151)] SuspendThread: Acesso negado. (0x5)
[1124/233913.694:ERROR:exception_snapshot_win.cc(99)] thread ID 10228 not found in process
[1124/233913.709:ERROR:process_reader_win.cc(151)] SuspendThread: Acesso negado. (0x5)
[1124/233913.709:ERROR:process_reader_win.cc(151)] SuspendThread: Acesso negado. (0x5)
[1124/233913.709:ERROR:process_reader_win.cc(151)] SuspendThread: Acesso negado. (0x5)
[1124/233913.709:ERROR:process_reader_win.cc(151)] SuspendThread: Acesso negado. (0x5)
[1124/233913.709:ERROR:process_reader_win.cc(151)] SuspendThread: Acesso negado. (0x5)
[1124/233913.709:ERROR:process_reader_win.cc(151)] SuspendThread: Acesso negado. (0x5)
[1124/233913.709:ERROR:process_reader_win.cc(151)] SuspendThread: Acesso negado. (0x5)
[1124/233913.709:ERROR:process_reader_win.cc(151)] SuspendThread: Acesso negado. (0x5)
[1124/233913.709:ERROR:process_reader_win.cc(151)] SuspendThread: Acesso negado. (0x5)
[1124/233913.709:ERROR:process_reader_win.cc(151)] SuspendThread: Acesso negado. (0x5)
[1124/233913.709:ERROR:process_reader_win.cc(151)] SuspendThread: Acesso negado. (0x5)
[1124/233913.709:ERROR:process_reader_win.cc(151)] SuspendThread: Acesso negado. (0x5)
[1124/233913.709:ERROR:exception_snapshot_win.cc(99)] thread ID 5292 not found in process
[1124/233913.709:ERROR:process_info.cc(118)] ReadProcessMemory bool __cdecl crashpad::(anonymous namespace)::ReadStruct(HANDLE, crashpad::WinVMAddress, T *) [T = crashpad::process_types::PEB<crashpad::process_types::internal::Traits64>]: Somente uma parte de um pedido ReadProcessMemory ou WriteProcessMemory foi concluída. (0x12B)
[1124/233913.709:ERROR:process_info.cc(551)] ReadProcessData failed
[1124/233913.709:ERROR:scoped_process_suspend.cc(40)] NtResumeProcess: Tentou-se acessar um processo de saída. (0xc000010a)
[1124/233913.709:ERROR:process_reader_win.cc(151)] SuspendThread: Acesso negado. (0x5)
[1124/233913.709:ERROR:exception_snapshot_win.cc(99)] thread ID 2428 not found in process
[1124/233913.725:ERROR:process_reader_win.cc(151)] SuspendThread: Acesso negado. (0x5)
[1124/233913.725:ERROR:process_reader_win.cc(151)] SuspendThread: Acesso negado. (0x5)
[1124/233913.725:ERROR:process_reader_win.cc(151)] SuspendThread: Acesso negado. (0x5)
[1124/233913.725:ERROR:process_reader_win.cc(151)] SuspendThread: Acesso negado. (0x5)
[1124/233913.725:ERROR:process_reader_win.cc(151)] SuspendThread: Acesso negado. (0x5)
[1124/233913.725:ERROR:process_reader_win.cc(151)] SuspendThread: Acesso negado. (0x5)
[1124/233913.725:ERROR:process_reader_win.cc(151)] SuspendThread: Acesso negado. (0x5)
[1124/233913.725:ERROR:process_reader_win.cc(151)] SuspendThread: Acesso negado. (0x5)
[1124/233913.725:ERROR:process_reader_win.cc(151)] SuspendThread: Acesso negado. (0x5)
[1124/233913.725:ERROR:process_reader_win.cc(151)] SuspendThread: Acesso negado. (0x5)
[1124/233913.725:ERROR:process_reader_win.cc(151)] SuspendThread: Acesso negado. (0x5)
[1124/233913.725:ERROR:process_reader_win.cc(151)] SuspendThread: Acesso negado. (0x5)
[1124/233913.725:ERROR:process_reader_win.cc(151)] SuspendThread: Acesso negado. (0x5)
[1124/233913.725:ERROR:process_reader_win.cc(123)] NtOpenThread: {Acesso Negado} Um processo solicitou acesso a um objeto, mas o direito de acesso não lhe foi concedido. (0xc0000022)
[1124/233913.725:ERROR:exception_snapshot_win.cc(99)] thread ID 1092 not found in process
[1124/233913.756:ERROR:process_reader_win.cc(151)] SuspendThread: Acesso negado. (0x5)
[1124/233913.756:ERROR:process_reader_win.cc(151)] SuspendThread: Acesso negado. (0x5)
[1124/233913.756:ERROR:process_reader_win.cc(151)] SuspendThread: Acesso negado. (0x5)
[1124/233913.756:ERROR:process_reader_win.cc(151)] SuspendThread: Acesso negado. (0x5)
[1124/233913.756:ERROR:process_reader_win.cc(151)] SuspendThread: Acesso negado. (0x5)
[1124/233913.756:ERROR:process_reader_win.cc(151)] SuspendThread: Acesso negado. (0x5)
[1124/233913.756:ERROR:process_reader_win.cc(151)] SuspendThread: Acesso negado. (0x5)
[1124/233913.756:ERROR:process_reader_win.cc(151)] SuspendThread: Acesso negado. (0x5)
[1124/233913.756:ERROR:process_reader_win.cc(151)] SuspendThread: Acesso negado. (0x5)
[1124/233913.756:ERROR:process_reader_win.cc(151)] SuspendThread: Acesso negado. (0x5)
[1124/233913.756:ERROR:process_reader_win.cc(151)] SuspendThread: Acesso negado. (0x5)
[1124/233913.756:ERROR:process_reader_win.cc(151)] SuspendThread: Acesso negado. (0x5)
[1124/233913.756:ERROR:exception_snapshot_win.cc(99)] thread ID 6300 not found in process
